packages/web/android/app/build/outputs/mapping/release/seeds.txt
com.google.android.gms.common.providers.zza
com.capacitorjs.plugins.app.AppPlugin$1
com.google.android.gms.common.GoogleSourceStampsChecker
com.google.android.gms.common.data.DataBufferObserverSet
com.google.android.gms.common.internal.zzq
com.google.android.gms.common.api.zae
com.getcapacitor.util.HostMask$Any
com.google.android.gms.common.internal.zzae
com.google.android.gms.stats.zzc
com.google.firebase.installations.GetIdListener
com.capacitorjs.plugins.network.Network$1
com.google.android.gms.common.SupportErrorDialogFragment
com.google.android.gms.cloudmessaging.zzq
androidx.fragment.app.FragmentManager$6
com.google.android.gms.common.api.Api$ApiOptions$HasOptions
com.google.android.gms.common.AccountPicker$AccountChooserOptions
com.google.android.gms.auth.api.signin.GoogleSignInOptions
com.google.firebase.FirebaseApp$GlobalBackgroundStateListener
com.google.android.gms.common.api.internal.zacr
com.google.android.gms.common.util.UidVerifier
com.google.firebase.installations.local.PersistedInstallationEntry$Builder
com.capacitorjs.plugins.keyboard.Keyboard$KeyboardEventListener
com.google.android.gms.dynamic.zag
com.google.android.gms.common.zzr
com.google.android.gms.common.api.internal.zat
com.google.firebase.encoders.FieldDescriptor
com.google.firebase.FirebaseOptions$Builder
com.getcapacitor.WebViewLocalServer$LazyInputStream
com.google.android.gms.common.internal.zap
com.google.firebase.components.Lazy
org.apache.cordova.CordovaWebViewImpl
com.google.android.gms.common.server.response.FastParser$ParseException
com.google.firebase.datatransport.R$attr
com.google.firebase.messaging.MessagingAnalytics
com.google.firebase.installations.internal.FidListener
com.google.android.gms.common.internal.ImagesContract
com.google.firebase.installations.FirebaseInstallations
com.getcapacitor.annotation.CapacitorPlugin
com.capacitorjs.plugins.clipboard.Clipboard
com.google.android.gms.dynamite.zzq
com.google.android.gms.dynamic.SupportFragmentWrapper
com.google.android.gms.common.api.internal.StatusExceptionMapper
com.google.android.gms.common.util.DynamiteApi
com.google.android.gms.common.internal.service.Common
com.google.firebase.messaging.EnhancedIntentService
com.google.android.gms.cloudmessaging.zzm
com.google.android.gms.common.stats.ConnectionTracker
com.google.firebase.installations.R$color
com.google.firebase.components.ComponentDiscovery$1
com.google.firebase.installations.R$raw
com.google.android.gms.common.api.GoogleApiClient$OnConnectionFailedListener
com.capacitorjs.plugins.statusbar.R
com.google.android.gms.common.zaa
com.google.firebase.ktx.FirebaseCommonKtxRegistrar$getComponents$$inlined$coroutineDispatcher$1
com.google.firebase.messaging.threads.PoolableExecutors$DefaultExecutorFactory
com.google.android.gms.cloudmessaging.zzj
com.google.android.gms.common.internal.service.zak
com.google.android.gms.common.internal.zar
com.google.android.gms.common.internal.service.zao
com.capacitorjs.plugins.pushnotifications.MessagingService
com.google.android.gms.common.data.zaa
com.capacitorjs.plugins.haptics.R
com.google.android.gms.common.images.ImageManager$ImageReceiver
com.google.android.gms.common.internal.zzl
com.google.android.gms.common.api.GoogleApi$Settings$Builder
androidx.versionedparcelable.ParcelImpl
com.google.android.gms.common.zzg
com.google.android.material.internal.NavigationMenuView
com.google.firebase.annotations.concurrent.UiThread
com.google.android.gms.tasks.OnSuccessListener
com.google.android.gms.common.logging.Logger
com.google.firebase.ktx.LoggingKt
com.google.android.material.datepicker.MaterialDatePicker
com.google.android.gms.common.internal.service.zah
androidx.recyclerview.widget.GridLayoutManager
com.google.firebase.messaging.CommonNotificationBuilder
androidx.activity.ComponentActivity$4
com.google.firebase.messaging.AutoProtoEncoderDoNotUseEncoder$MessagingClientEventExtensionEncoder
com.google.android.gms.common.data.Freezable
com.google.firebase.messaging.threads.ThreadPriority