packages/web/android/app/build/outputs/mapping/release/usage.txt
me.trainsmart.app.R$color
me.trainsmart.app.R$drawable
me.trainsmart.app.R$mipmap
me.trainsmart.app.R$string
me.trainsmart.app.R$style
me.trainsmart.app.R$xml
me.trainsmart.app.R
...
androidx.recyclerview.widget.DefaultItemAnimator:
    public static boolean animateAdd()
    public static void animateAddImpl()
    public final boolean animateAppearance()
    public static boolean animateAppearance$androidx$recyclerview$widget$SimpleItemAnimator()
    public static boolean animateChange()
    public static boolean animateChange$androidx$recyclerview$widget$SimpleItemAnimator()
    public static void animateChangeImpl()
    public final boolean animateDisappearance()
    public static boolean animateDisappearance$androidx$recyclerview$widget$SimpleItemAnimator()
    public static void animateMoveImpl()
    public final boolean animatePersistence()
    public static boolean animatePersistence$androidx$recyclerview$widget$SimpleItemAnimator()
    public static boolean animateRemove()
    public static void animateRemoveImpl()
    public final boolean canReuseUpdatedViewHolder()
    public final boolean canReuseUpdatedViewHolder$1()
    public static boolean canReuseUpdatedViewHolder$androidx$recyclerview$widget$SimpleItemAnimator()
    public static void dispatchAddFinished()
    public static void dispatchAddFinished$androidx$recyclerview$widget$SimpleItemAnimator()
    public static synthetic bridge void dispatchAddStarting()
    public static void dispatchAddStarting$androidx$recyclerview$widget$SimpleItemAnimator()
    public static void dispatchChangeFinished()
androidx.recyclerview.widget.FastScroller:
    public final androidx.recyclerview.widget.FastScroller$2 mOnScrollListener
    public static void attachToRecyclerView()
    public final void cancelHide()
    public static void destroyCallbacks()
    public static void drawHorizontalScrollbar()
    public static void drawVerticalScrollbar()
    public static int[] getHorizontalRange()
    public static int[] getVerticalRange()
    public static void hide()
    public static void horizontalScrollTo()
    public final boolean isLayoutRTL()
    public final boolean onInterceptTouchEvent()
    public final void onRequestDisallowInterceptTouchEvent()
    public final void onTouchEvent()
    public final void requestRedraw()
    public final void resetHideDelay(int)
    public static void setupCallbacks()
    public static void updateScrollPosition()
    public static void verticalScrollTo()
androidx.recyclerview.widget.GapWorker$1
androidx.recyclerview.widget.GapWorker$LayoutPrefetchRegistryImpl:
    public final void clearPrefetchPositions()
    public final boolean lastPrefetchIncludedPosition(int)
    public static void setPrefetchVector()
androidx.recyclerview.widget.GapWorker$Task:
    public static void clear()
androidx.recyclerview.widget.GapWorker:
    public static void add()
    public static void buildTaskList()
    public static void flushTaskWithDeadline()
    public static void flushTasksWithDeadline()
    public static void prefetchInnerRecyclerViewWithDeadline()
    public static void remove()
androidx.recyclerview.widget.GridLayoutManager$DefaultSpanSizeLookup
androidx.recyclerview.widget.GridLayoutManager$LayoutParams:
    public final int getSpanIndex()
    public static int getSpanSize()
androidx.recyclerview.widget.GridLayoutManager$SpanSizeLookup
androidx.recyclerview.widget.GridLayoutManager:
    public boolean mUsingSpansToEstimateScrollBarDimensions
    public static void assignSpans()
    public static void cachePreLayoutSpanMapping()
    public static void clearPreLayoutSpanMappingCache()
    public static int computeScrollOffsetWithSpanInfo()
    public static int computeScrollRangeWithSpanInfo()
    public static void ensureAnchorIsInCorrectSpan()
    public static int getSpanCount()
    public static void guessMeasurement()
    public final void measureChildWithDecorationsAndMargin(android.view.View,int,int,boolean)
androidx.recyclerview.widget.LayoutState:
    public final boolean hasMore(androidx.recyclerview.widget.RecyclerView$State)
    public static android.view.View next()